<?xml version="1.0" encoding="UTF-8"?>
<!-- Generated by org.testng.reporters.JUnitReportReporter -->
<testsuite hostname="INLEN8520055657" failures="0" tests="1" name="AnanayMahajan.Tests.Test1" time="23.166" errors="0" timestamp="2024-05-02T18:40:29 IST" skipped="0">
  <testcase classname="AnanayMahajan.Tests.Test1" name="testWorldPopulation1" time="23.166"/>
</testsuite> <!-- AnanayMahajan.Tests.Test1 -->
