<?xml version="1.0" encoding="UTF-8"?>
<!-- Generated by org.testng.reporters.JUnitReportReporter -->
<testsuite hostname="INLEN8520055657" failures="0" tests="1" name="AnanayMahajan.Assignment.AppTest" time="17.614" errors="0" timestamp="2024-05-02T14:17:43 IST" skipped="0">
  <testcase classname="AnanayMahajan.Assignment.AppTest" name="shouldAnswerWithTrue" time="17.614"/>
</testsuite> <!-- AnanayMahajan.Assignment.AppTest -->
