<?xml version="1.0" encoding="UTF-8"?>
<!-- Generated by org.testng.reporters.JUnitReportReporter -->
<testsuite hostname="INLEN8520055657" failures="0" tests="2" name="AnanayMahajan.APIAssignment.userEndPoints" time="5.848" errors="0" timestamp="2024-05-02T18:39:16 IST" skipped="0">
  <testcase classname="AnanayMahajan.APIAssignment.userEndPoints" name="getBookDetails" time="5.088"/>
  <testcase classname="AnanayMahajan.APIAssignment.userEndPoints" name="postBookDetails" time="0.760"/>
</testsuite> <!-- AnanayMahajan.APIAssignment.userEndPoints -->
