<?xml version="1.0" encoding="UTF-8"?>
<!-- Generated by org.testng.reporters.JUnitReportReporter -->
<testsuite hostname="INLEN8520055657" failures="0" tests="2" name="AnanayMahajan.APIAssignment.userEndPoints" time="6.333" errors="0" timestamp="2024-05-07T11:40:17 IST" skipped="0">
  <testcase classname="AnanayMahajan.APIAssignment.userEndPoints" name="postBookDetails" time="0.578"/>
  <testcase classname="AnanayMahajan.APIAssignment.userEndPoints" name="getBookDetails" time="5.755"/>
</testsuite> <!-- AnanayMahajan.APIAssignment.userEndPoints -->
